0 info it worked if it ends with ok
1 verbose cli [ '/usr/local/bin/node', '/usr/local/bin/npm', 'test' ]
2 info using npm@1.2.15
3 info using node@v0.10.2
4 verbose read json /home/web/web/node/swp/server/cluster/protocol/package.json
5 error Error: Invalid name: "protocol library"
5 error     at validName (/usr/local/lib/node_modules/npm/node_modules/read-package-json/read-json.js:550:40)
5 error     at final (/usr/local/lib/node_modules/npm/node_modules/read-package-json/read-json.js:321:27)
5 error     at /usr/local/lib/node_modules/npm/node_modules/read-package-json/read-json.js:139:33
5 error     at cb (/usr/local/lib/node_modules/npm/node_modules/slide/lib/async-map.js:48:11)
5 error     at /usr/local/lib/node_modules/npm/node_modules/read-package-json/read-json.js:301:48
5 error     at fs.js:207:20
5 error     at Object.oncomplete (fs.js:107:15)
6 error If you need help, you may report this log at:
6 error     <http://github.com/isaacs/npm/issues>
6 error or email it to:
6 error     <npm-@googlegroups.com>
7 error System Linux 2.6.32-5-amd64
8 error command "/usr/local/bin/node" "/usr/local/bin/npm" "test"
9 error cwd /home/web/web/node/swp/server/cluster/protocol
10 error node -v v0.10.2
11 error npm -v 1.2.15
12 verbose exit [ 1, true ]
